0 info it worked if it ends with ok
1 verbose cli [ '/Users/jameslynch/.nvm/versions/node/v6.9.5/bin/node',
1 verbose cli   '/Users/jameslynch/.nvm/versions/node/v6.9.5/bin/npm',
1 verbose cli   'i',
1 verbose cli   '--save',
1 verbose cli   'aws-serverless-express/middleware' ]
2 info using npm@3.10.10
3 info using node@v6.9.5
4 silly loadCurrentTree Starting
5 silly install loadCurrentTree
6 silly install readLocalPackageData
7 silly fetchPackageMetaData aws-serverless-express/middleware
8 silly fetchOtherPackageData aws-serverless-express/middleware
9 silly cache add args [ 'aws-serverless-express/middleware', null ]
10 verbose cache add spec aws-serverless-express/middleware
11 silly cache add parsed spec Result {
11 silly cache add   raw: 'aws-serverless-express/middleware',
11 silly cache add   scope: null,
11 silly cache add   escapedName: null,
11 silly cache add   name: null,
11 silly cache add   rawSpec: 'aws-serverless-express/middleware',
11 silly cache add   spec: 'github:aws-serverless-express/middleware',
11 silly cache add   type: 'hosted',
11 silly cache add   hosted:
11 silly cache add    { type: 'github',
11 silly cache add      ssh: 'git@github.com:aws-serverless-express/middleware.git',
11 silly cache add      sshUrl: 'git+ssh://git@github.com/aws-serverless-express/middleware.git',
11 silly cache add      httpsUrl: 'git+https://github.com/aws-serverless-express/middleware.git',
11 silly cache add      gitUrl: 'git://github.com/aws-serverless-express/middleware.git',
11 silly cache add      shortcut: 'github:aws-serverless-express/middleware',
11 silly cache add      directUrl: 'https://raw.githubusercontent.com/aws-serverless-express/middleware/master/package.json' } }
12 verbose addRemoteGit caching aws-serverless-express/middleware
13 verbose addRemoteGit aws-serverless-express/middleware is a repository hosted by github
14 silly tryGitProto attempting to clone git://github.com/aws-serverless-express/middleware.git
15 silly tryClone cloning aws-serverless-express/middleware via git://github.com/aws-serverless-express/middleware.git
16 verbose tryClone git-github-com-aws-serverless-express-middleware-git-067f29a1 not in flight; caching
17 verbose correctMkdir /Users/jameslynch/.npm/_git-remotes correctMkdir not in flight; initializing
18 verbose makeDirectory /Users/jameslynch/.npm/_git-remotes creation not in flight; initializing
19 silly makeDirectory /Users/jameslynch/.npm/_git-remotes uid: 501 gid: 20
20 info git [ 'clone',
20 info git   '--template=/Users/jameslynch/.npm/_git-remotes/_templates',
20 info git   '--mirror',
20 info git   'git://github.com/aws-serverless-express/middleware.git',
20 info git   '/Users/jameslynch/.npm/_git-remotes/git-github-com-aws-serverless-express-middleware-git-067f29a1' ]
21 verbose git clone --template=/Users/jameslynch/.npm/_git-remotes/_templates --mirror git://github.com/aws-serverless-express/middleware.git /Users/jameslynch/.npm/_git-remotes/git-github-com-aws-serverless-express-middleware-git-067f29a1: Cloning into bare repository '/Users/jameslynch/.npm/_git-remotes/git-github-com-aws-serverless-express-middleware-git-067f29a1'...
21 verbose git clone --template=/Users/jameslynch/.npm/_git-remotes/_templates --mirror git://github.com/aws-serverless-express/middleware.git /Users/jameslynch/.npm/_git-remotes/git-github-com-aws-serverless-express-middleware-git-067f29a1: fatal: remote error:
21 verbose git clone --template=/Users/jameslynch/.npm/_git-remotes/_templates --mirror git://github.com/aws-serverless-express/middleware.git /Users/jameslynch/.npm/_git-remotes/git-github-com-aws-serverless-express-middleware-git-067f29a1:   Repository not found.
22 silly tryHTTPS attempting to clone git+https://github.com/aws-serverless-express/middleware.git
23 silly tryClone cloning aws-serverless-express/middleware via git+https://github.com/aws-serverless-express/middleware.git
24 verbose tryClone git-https-github-com-aws-serverless-express-middleware-git-603e56c5 not in flight; caching
25 verbose correctMkdir /Users/jameslynch/.npm/_git-remotes correctMkdir not in flight; initializing
26 info git [ 'clone',
26 info git   '--template=/Users/jameslynch/.npm/_git-remotes/_templates',
26 info git   '--mirror',
26 info git   'https://github.com/aws-serverless-express/middleware.git',
26 info git   '/Users/jameslynch/.npm/_git-remotes/git-https-github-com-aws-serverless-express-middleware-git-603e56c5' ]
27 verbose git clone --template=/Users/jameslynch/.npm/_git-remotes/_templates --mirror https://github.com/aws-serverless-express/middleware.git /Users/jameslynch/.npm/_git-remotes/git-https-github-com-aws-serverless-express-middleware-git-603e56c5: Cloning into bare repository '/Users/jameslynch/.npm/_git-remotes/git-https-github-com-aws-serverless-express-middleware-git-603e56c5'...
27 verbose git clone --template=/Users/jameslynch/.npm/_git-remotes/_templates --mirror https://github.com/aws-serverless-express/middleware.git /Users/jameslynch/.npm/_git-remotes/git-https-github-com-aws-serverless-express-middleware-git-603e56c5: remote: Repository not found.
27 verbose git clone --template=/Users/jameslynch/.npm/_git-remotes/_templates --mirror https://github.com/aws-serverless-express/middleware.git /Users/jameslynch/.npm/_git-remotes/git-https-github-com-aws-serverless-express-middleware-git-603e56c5: fatal: repository 'https://github.com/aws-serverless-express/middleware.git/' not found
28 silly trySSH attempting to clone git@github.com:aws-serverless-express/middleware.git
29 silly tryClone cloning aws-serverless-express/middleware via git@github.com:aws-serverless-express/middleware.git
30 verbose tryClone git-github-com-aws-serverless-express-middleware-git-bd93088a not in flight; caching
31 verbose correctMkdir /Users/jameslynch/.npm/_git-remotes correctMkdir not in flight; initializing
32 info git [ 'clone',
32 info git   '--template=/Users/jameslynch/.npm/_git-remotes/_templates',
32 info git   '--mirror',
32 info git   'git@github.com:aws-serverless-express/middleware.git',
32 info git   '/Users/jameslynch/.npm/_git-remotes/git-github-com-aws-serverless-express-middleware-git-bd93088a' ]
33 error git clone --template=/Users/jameslynch/.npm/_git-remotes/_templates --mirror git@github.com:aws-serverless-express/middleware.git /Users/jameslynch/.npm/_git-remotes/git-github-com-aws-serverless-express-middleware-git-bd93088a: Cloning into bare repository '/Users/jameslynch/.npm/_git-remotes/git-github-com-aws-serverless-express-middleware-git-bd93088a'...
33 error git clone --template=/Users/jameslynch/.npm/_git-remotes/_templates --mirror git@github.com:aws-serverless-express/middleware.git /Users/jameslynch/.npm/_git-remotes/git-github-com-aws-serverless-express-middleware-git-bd93088a: git@github.com: Permission denied (publickey).
33 error git clone --template=/Users/jameslynch/.npm/_git-remotes/_templates --mirror git@github.com:aws-serverless-express/middleware.git /Users/jameslynch/.npm/_git-remotes/git-github-com-aws-serverless-express-middleware-git-bd93088a: fatal: Could not read from remote repository.
33 error git clone --template=/Users/jameslynch/.npm/_git-remotes/_templates --mirror git@github.com:aws-serverless-express/middleware.git /Users/jameslynch/.npm/_git-remotes/git-github-com-aws-serverless-express-middleware-git-bd93088a:
33 error git clone --template=/Users/jameslynch/.npm/_git-remotes/_templates --mirror git@github.com:aws-serverless-express/middleware.git /Users/jameslynch/.npm/_git-remotes/git-github-com-aws-serverless-express-middleware-git-bd93088a: Please make sure you have the correct access rights
33 error git clone --template=/Users/jameslynch/.npm/_git-remotes/_templates --mirror git@github.com:aws-serverless-express/middleware.git /Users/jameslynch/.npm/_git-remotes/git-github-com-aws-serverless-express-middleware-git-bd93088a: and the repository exists.
34 silly fetchPackageMetaData Error: Command failed: git clone --template=/Users/jameslynch/.npm/_git-remotes/_templates --mirror git@github.com:aws-serverless-express/middleware.git /Users/jameslynch/.npm/_git-remotes/git-github-com-aws-serverless-express-middleware-git-bd93088a
34 silly fetchPackageMetaData Cloning into bare repository '/Users/jameslynch/.npm/_git-remotes/git-github-com-aws-serverless-express-middleware-git-bd93088a'...
34 silly fetchPackageMetaData git@github.com: Permission denied (publickey).
34 silly fetchPackageMetaData fatal: Could not read from remote repository.
34 silly fetchPackageMetaData
34 silly fetchPackageMetaData Please make sure you have the correct access rights
34 silly fetchPackageMetaData and the repository exists.
34 silly fetchPackageMetaData
34 silly fetchPackageMetaData     at ChildProcess.exithandler (child_process.js:206:12)
34 silly fetchPackageMetaData     at emitTwo (events.js:106:13)
34 silly fetchPackageMetaData     at ChildProcess.emit (events.js:191:7)
34 silly fetchPackageMetaData     at maybeClose (internal/child_process.js:877:16)
34 silly fetchPackageMetaData     at Socket.<anonymous> (internal/child_process.js:334:11)
34 silly fetchPackageMetaData     at emitOne (events.js:96:13)
34 silly fetchPackageMetaData     at Socket.emit (events.js:188:7)
34 silly fetchPackageMetaData     at Pipe._handle.close [as _onclose] (net.js:498:12)
34 silly fetchPackageMetaData  error for aws-serverless-express/middleware { Error: Command failed: git clone --template=/Users/jameslynch/.npm/_git-remotes/_templates --mirror git@github.com:aws-serverless-express/middleware.git /Users/jameslynch/.npm/_git-remotes/git-github-com-aws-serverless-express-middleware-git-bd93088a
34 silly fetchPackageMetaData Cloning into bare repository '/Users/jameslynch/.npm/_git-remotes/git-github-com-aws-serverless-express-middleware-git-bd93088a'...
34 silly fetchPackageMetaData git@github.com: Permission denied (publickey).
34 silly fetchPackageMetaData fatal: Could not read from remote repository.
34 silly fetchPackageMetaData
34 silly fetchPackageMetaData Please make sure you have the correct access rights
34 silly fetchPackageMetaData and the repository exists.
34 silly fetchPackageMetaData
34 silly fetchPackageMetaData     at ChildProcess.exithandler (child_process.js:206:12)
34 silly fetchPackageMetaData     at emitTwo (events.js:106:13)
34 silly fetchPackageMetaData     at ChildProcess.emit (events.js:191:7)
34 silly fetchPackageMetaData     at maybeClose (internal/child_process.js:877:16)
34 silly fetchPackageMetaData     at Socket.<anonymous> (internal/child_process.js:334:11)
34 silly fetchPackageMetaData     at emitOne (events.js:96:13)
34 silly fetchPackageMetaData     at Socket.emit (events.js:188:7)
34 silly fetchPackageMetaData     at Pipe._handle.close [as _onclose] (net.js:498:12)
34 silly fetchPackageMetaData   killed: false,
34 silly fetchPackageMetaData   code: 128,
34 silly fetchPackageMetaData   signal: null,
34 silly fetchPackageMetaData   cmd: 'git clone --template=/Users/jameslynch/.npm/_git-remotes/_templates --mirror git@github.com:aws-serverless-express/middleware.git /Users/jameslynch/.npm/_git-remotes/git-github-com-aws-serverless-express-middleware-git-bd93088a' }
35 silly rollbackFailedOptional Starting
36 silly rollbackFailedOptional Finishing
37 silly runTopLevelLifecycles Finishing
38 silly install printInstalled
39 verbose stack Error: Command failed: git clone --template=/Users/jameslynch/.npm/_git-remotes/_templates --mirror git@github.com:aws-serverless-express/middleware.git /Users/jameslynch/.npm/_git-remotes/git-github-com-aws-serverless-express-middleware-git-bd93088a
39 verbose stack Cloning into bare repository '/Users/jameslynch/.npm/_git-remotes/git-github-com-aws-serverless-express-middleware-git-bd93088a'...
39 verbose stack git@github.com: Permission denied (publickey).
39 verbose stack fatal: Could not read from remote repository.
39 verbose stack
39 verbose stack Please make sure you have the correct access rights
39 verbose stack and the repository exists.
39 verbose stack
39 verbose stack     at ChildProcess.exithandler (child_process.js:206:12)
39 verbose stack     at emitTwo (events.js:106:13)
39 verbose stack     at ChildProcess.emit (events.js:191:7)
39 verbose stack     at maybeClose (internal/child_process.js:877:16)
39 verbose stack     at Socket.<anonymous> (internal/child_process.js:334:11)
39 verbose stack     at emitOne (events.js:96:13)
39 verbose stack     at Socket.emit (events.js:188:7)
39 verbose stack     at Pipe._handle.close [as _onclose] (net.js:498:12)
40 verbose cwd /Users/jameslynch/Git-Projects/Jims-Codestar-Enterprise-Pipeline-Starwars-Nodejs-Lambda-Microservice
41 error Darwin 17.4.0
42 error argv "/Users/jameslynch/.nvm/versions/node/v6.9.5/bin/node" "/Users/jameslynch/.nvm/versions/node/v6.9.5/bin/npm" "i" "--save" "aws-serverless-express/middleware"
43 error node v6.9.5
44 error npm  v3.10.10
45 error code 128
46 error Command failed: git clone --template=/Users/jameslynch/.npm/_git-remotes/_templates --mirror git@github.com:aws-serverless-express/middleware.git /Users/jameslynch/.npm/_git-remotes/git-github-com-aws-serverless-express-middleware-git-bd93088a
46 error Cloning into bare repository '/Users/jameslynch/.npm/_git-remotes/git-github-com-aws-serverless-express-middleware-git-bd93088a'...
46 error git@github.com: Permission denied (publickey).
46 error fatal: Could not read from remote repository.
46 error
46 error Please make sure you have the correct access rights
46 error and the repository exists.
47 error If you need help, you may report this error at:
47 error     <https://github.com/npm/npm/issues>
48 verbose exit [ 1, true ]
